<?xml version="1.0" encoding="UTF-8"?>
<!-- Generated by org.testng.reporters.JUnitXMLReporter -->
<testsuite ignored="0" hostname="TYSS-MF-034" failures="1" tests="3" name="Test" time="6.459" errors="0" timestamp="16 May 2018 10:07:34 GMT">
  <testcase classname="tests.TestCase1" name="test1" time="0.614"/>
  <testcase classname="tests.TestCase1" name="test2" time="3.457">
    <failure type="java.lang.AssertionError" message="null">
      <![CDATA[java.lang.AssertionError: null
at tests.TestCase1.test2(TestCase1.java:43)
... Removed 27 stack frames]]>
    </failure>
  </testcase> <!-- test2 -->
  <testcase classname="tests.TestCase1" name="test3" time="0.281"/>
</testsuite> <!-- Test -->
