<?xml version="1.0" encoding="UTF-8"?>
<!-- Generated by org.testng.reporters.JUnitXMLReporter -->
<testsuite hostname="TYSS-MF-034" ignored="0" name="Test" tests="4" failures="3" timestamp="15 May 2018 09:28:34 GMT" time="14.291" errors="0">
  <testcase name="test1" time="0.727" classname="tests.TestCase1"/>
  <testcase name="test2" time="3.387" classname="tests.TestCase1">
    <failure type="java.lang.AssertionError" message="null">
      <![CDATA[java.lang.AssertionError: null
at tests.TestCase1.test2(TestCase1.java:48)
... Removed 27 stack frames]]>
    </failure>
  </testcase> <!-- test2 -->
  <testcase name="test3" time="3.383" classname="tests.TestCase1">
    <failure type="java.lang.AssertionError" message="null">
      <![CDATA[java.lang.AssertionError: null
at tests.TestCase1.test3(TestCase1.java:65)
... Removed 27 stack frames]]>
    </failure>
  </testcase> <!-- test3 -->
  <testcase name="test4" time="3.188" classname="tests.TestCase1">
    <failure type="java.lang.AssertionError" message="null">
      <![CDATA[java.lang.AssertionError: null
at tests.TestCase1.test4(TestCase1.java:92)
... Removed 27 stack frames]]>
    </failure>
  </testcase> <!-- test4 -->
</testsuite> <!-- Test -->
